<?xml version="1.0" encoding="UTF-8"?>
<testsuite name="com.example.project.TipCalculatorTest" tests="3" skipped="0" failures="0" errors="0" timestamp="2024-09-26T15:47:41" hostname="codespaces-fa6048" time="0.132">
  <properties/>
  <testcase name="testCalculateTip2()" classname="com.example.project.TipCalculatorTest" time="0.085"/>
  <testcase name="testCalculateTip3()" classname="com.example.project.TipCalculatorTest" time="0.012"/>
  <testcase name="testCalculateTip()" classname="com.example.project.TipCalculatorTest" time="0.016"/>
  <system-out><![CDATA[]]></system-out>
  <system-err><![CDATA[]]></system-err>
</testsuite>
